<?xml version="1.0" encoding="UTF-8"?>
<testsuite name="TwoferTest" tests="5" skipped="0" failures="0" errors="0" timestamp="2019-07-28T16:59:50" hostname="Carissas-MacBook-Pro.local" time="0.035">
  <properties/>
  <testcase name="noNameGiven" classname="TwoferTest" time="0.001"/>
  <testcase name="aHyphenatedNameGiven" classname="TwoferTest" time="0.031"/>
  <testcase name="aNameGiven" classname="TwoferTest" time="0.001"/>
  <testcase name="aLowercaseNameGiven" classname="TwoferTest" time="0.001"/>
  <testcase name="anotherNameGiven" classname="TwoferTest" time="0.0"/>
  <system-out><![CDATA[]]></system-out>
  <system-err><![CDATA[]]></system-err>
</testsuite>
